# JRE version: Java(TM) SE Runtime Environment (8.0_131-b11) (build 1.8.0_131-b11)
# Java VM: Java HotSpot(TM) 64-Bit Server VM (25.131-b11 mixed mode windows-amd64 compressed oops)
Heap:
 PSYoungGen      total 212992K, used 75465K [0x000000076bb80000, 0x000000077a980000, 0x00000007c0000000)
  eden space 201728K, 37% used [0x000000076bb80000,0x0000000770532678,0x0000000778080000)
  from space 11264K, 0% used [0x0000000778d80000,0x0000000778d80000,0x0000000779880000)
  to   space 13312K, 0% used [0x0000000778080000,0x0000000778080000,0x0000000778d80000)
 ParOldGen       total 128512K, used 17520K [0x00000006c3200000, 0x00000006caf80000, 0x000000076bb80000)
  object space 128512K, 13% used [0x00000006c3200000,0x00000006c431c1f8,0x00000006caf80000)
 Metaspace       used 38960K, capacity 41820K, committed 41856K, reserved 1085440K
  class space    used 5229K, capacity 5737K, committed 5760K, reserved 1048576K
GC Heap History (10 events):
Event: 2.009 GC heap before
{Heap before GC invocations=4 (full 1):
 PSYoungGen      total 75776K, used 6062K [0x000000076bb80000, 0x0000000774f80000, 0x00000007c0000000)
  eden space 65024K, 0% used [0x000000076bb80000,0x000000076bb80000,0x000000076fb00000)
  from space 10752K, 56% used [0x000000076fb00000,0x00000007700eba80,0x0000000770580000)
  to   space 10752K, 0% used [0x0000000774500000,0x0000000774500000,0x0000000774f80000)
 ParOldGen       total 173568K, used 40K [0x00000006c3200000, 0x00000006cdb80000, 0x000000076bb80000)
  object space 173568K, 0% used [0x00000006c3200000,0x00000006c320a000,0x00000006cdb80000)
 Metaspace       used 19575K, capacity 21136K, committed 21296K, reserved 1067008K
  class space    used 2554K, capacity 2846K, committed 2944K, reserved 1048576K
Event: 2.029 GC heap after
Heap after GC invocations=4 (full 1):
 PSYoungGen      total 75776K, used 0K [0x000000076bb80000, 0x0000000774f80000, 0x00000007c0000000)
  eden space 65024K, 0% used [0x000000076bb80000,0x000000076bb80000,0x000000076fb00000)
  from space 10752K, 0% used [0x000000076fb00000,0x000000076fb00000,0x0000000770580000)
  to   space 10752K, 0% used [0x0000000774500000,0x0000000774500000,0x0000000774f80000)
 ParOldGen       total 83456K, used 5890K [0x00000006c3200000, 0x00000006c8380000, 0x000000076bb80000)
  object space 83456K, 7% used [0x00000006c3200000,0x00000006c37c0b98,0x00000006c8380000)
 Metaspace       used 19575K, capacity 21136K, committed 21296K, reserved 1067008K
  class space    used 2554K, capacity 2846K, committed 2944K, reserved 1048576K
}
Event: 2.379 GC heap before
{Heap before GC invocations=5 (full 1):
 PSYoungGen      total 75776K, used 65024K [0x000000076bb80000, 0x0000000774f80000, 0x00000007c0000000)
  eden space 65024K, 100% used [0x000000076bb80000,0x000000076fb00000,0x000000076fb00000)
  from space 10752K, 0% used [0x000000076fb00000,0x000000076fb00000,0x0000000770580000)
  to   space 10752K, 0% used [0x0000000774500000,0x0000000774500000,0x0000000774f80000)
 ParOldGen       total 83456K, used 5890K [0x00000006c3200000, 0x00000006c8380000, 0x000000076bb80000)
  object space 83456K, 7% used [0x00000006c3200000,0x00000006c37c0b98,0x00000006c8380000)
 Metaspace       used 24452K, capacity 26242K, committed 26368K, reserved 1073152K
  class space    used 3216K, capacity 3555K, committed 3584K, reserved 1048576K
Event: 2.384 GC heap after
Heap after GC invocations=5 (full 1):
 PSYoungGen      total 123904K, used 7541K [0x000000076bb80000, 0x0000000774c80000, 0x00000007c0000000)
  eden space 116224K, 0% used [0x000000076bb80000,0x000000076bb80000,0x0000000772d00000)
  from space 7680K, 98% used [0x0000000774500000,0x0000000774c5d6b0,0x0000000774c80000)
  to   space 10752K, 0% used [0x0000000773780000,0x0000000773780000,0x0000000774200000)
 ParOldGen       total 83456K, used 5898K [0x00000006c3200000, 0x00000006c8380000, 0x000000076bb80000)
  object space 83456K, 7% used [0x00000006c3200000,0x00000006c37c2b98,0x00000006c8380000)
 Metaspace       used 24452K, capacity 26242K, committed 26368K, reserved 1073152K
  class space    used 3216K, capacity 3555K, committed 3584K, reserved 1048576K
}
Event: 3.387 GC heap before
{Heap before GC invocations=6 (full 1):
 PSYoungGen      total 123904K, used 123765K [0x000000076bb80000, 0x0000000774c80000, 0x00000007c0000000)
  eden space 116224K, 100% used [0x000000076bb80000,0x0000000772d00000,0x0000000772d00000)
  from space 7680K, 98% used [0x0000000774500000,0x0000000774c5d6b0,0x0000000774c80000)
  to   space 10752K, 0% used [0x0000000773780000,0x0000000773780000,0x0000000774200000)
 ParOldGen       total 83456K, used 5898K [0x00000006c3200000, 0x00000006c8380000, 0x000000076bb80000)
  object space 83456K, 7% used [0x00000006c3200000,0x00000006c37c2b98,0x00000006c8380000)
 Metaspace       used 29692K, capacity 31964K, committed 32000K, reserved 1077248K
  class space    used 3920K, capacity 4338K, committed 4352K, reserved 1048576K
Event: 3.398 GC heap after
Heap after GC invocations=6 (full 1):
 PSYoungGen      total 137728K, used 10280K [0x000000076bb80000, 0x0000000779880000, 0x00000007c0000000)
  eden space 126976K, 0% used [0x000000076bb80000,0x000000076bb80000,0x0000000773780000)
  from space 10752K, 95% used [0x0000000773780000,0x000000077418a250,0x0000000774200000)
  to   space 11264K, 0% used [0x0000000778d80000,0x0000000778d80000,0x0000000779880000)
 ParOldGen       total 83456K, used 5906K [0x00000006c3200000, 0x00000006c8380000, 0x000000076bb80000)
  object space 83456K, 7% used [0x00000006c3200000,0x00000006c37c4b98,0x00000006c8380000)
 Metaspace       used 29692K, capacity 31964K, committed 32000K, reserved 1077248K
  class space    used 3920K, capacity 4338K, committed 4352K, reserved 1048576K
}
Event: 5.115 GC heap before
{Heap before GC invocations=7 (full 1):
 PSYoungGen      total 137728K, used 121733K [0x000000076bb80000, 0x0000000779880000, 0x00000007c0000000)
  eden space 126976K, 87% used [0x000000076bb80000,0x00000007728572a8,0x0000000773780000)
  from space 10752K, 95% used [0x0000000773780000,0x000000077418a250,0x0000000774200000)
  to   space 11264K, 0% used [0x0000000778d80000,0x0000000778d80000,0x0000000779880000)
 ParOldGen       total 83456K, used 5906K [0x00000006c3200000, 0x00000006c8380000, 0x000000076bb80000)
  object space 83456K, 7% used [0x00000006c3200000,0x00000006c37c4b98,0x00000006c8380000)
 Metaspace       used 32850K, capacity 35416K, committed 35496K, reserved 1079296K
  class space    used 4362K, capacity 4834K, committed 4864K, reserved 1048576K
Event: 5.124 GC heap after
Heap after GC invocations=7 (full 1):
 PSYoungGen      total 212992K, used 11238K [0x000000076bb80000, 0x000000077a980000, 0x00000007c0000000)
  eden space 201728K, 0% used [0x000000076bb80000,0x000000076bb80000,0x0000000778080000)
  from space 11264K, 99% used [0x0000000778d80000,0x0000000779879ac8,0x0000000779880000)
  to   space 13312K, 0% used [0x0000000778080000,0x0000000778080000,0x0000000778d80000)
 ParOldGen       total 83456K, used 7631K [0x00000006c3200000, 0x00000006c8380000, 0x000000076bb80000)
  object space 83456K, 9% used [0x00000006c3200000,0x00000006c3973cf0,0x00000006c8380000)
 Metaspace       used 32850K, capacity 35416K, committed 35496K, reserved 1079296K
  class space    used 4362K, capacity 4834K, committed 4864K, reserved 1048576K
}
Event: 5.124 GC heap before
{Heap before GC invocations=8 (full 2):
 PSYoungGen      total 212992K, used 11238K [0x000000076bb80000, 0x000000077a980000, 0x00000007c0000000)
  eden space 201728K, 0% used [0x000000076bb80000,0x000000076bb80000,0x0000000778080000)
  from space 11264K, 99% used [0x0000000778d80000,0x0000000779879ac8,0x0000000779880000)
  to   space 13312K, 0% used [0x0000000778080000,0x0000000778080000,0x0000000778d80000)
 ParOldGen       total 83456K, used 7631K [0x00000006c3200000, 0x00000006c8380000, 0x000000076bb80000)
  object space 83456K, 9% used [0x00000006c3200000,0x00000006c3973cf0,0x00000006c8380000)
 Metaspace       used 32850K, capacity 35416K, committed 35496K, reserved 1079296K
  class space    used 4362K, capacity 4834K, committed 4864K, reserved 1048576K
Event: 5.201 GC heap after
Heap after GC invocations=8 (full 2):
 PSYoungGen      total 212992K, used 0K [0x000000076bb80000, 0x000000077a980000, 0x00000007c0000000)
  eden space 201728K, 0% used [0x000000076bb80000,0x000000076bb80000,0x0000000778080000)
  from space 11264K, 0% used [0x0000000778d80000,0x0000000778d80000,0x0000000779880000)
  to   space 13312K, 0% used [0x0000000778080000,0x0000000778080000,0x0000000778d80000)
 ParOldGen       total 128512K, used 17520K [0x00000006c3200000, 0x00000006caf80000, 0x000000076bb80000)
  object space 128512K, 13% used [0x00000006c3200000,0x00000006c431c1f8,0x00000006caf80000)
 Metaspace       used 32850K, capacity 35416K, committed 35496K, reserved 1079296K
  class space    used 4362K, capacity 4834K, committed 4864K, reserved 1048576K
}

